D:\3.CODEREPOSITORY\COCOS2D-2.1RC0-X-2.1.3\SAMPLES\CPP\HELLOCPP\PROJ.WIN32\DEBUG.WIN32\APPDELEGATE.OBJ
D:\3.CODEREPOSITORY\COCOS2D-2.1RC0-X-2.1.3\SAMPLES\CPP\HELLOCPP\PROJ.WIN32\DEBUG.WIN32\HELLOWORLDSCENE.OBJ
D:\3.CODEREPOSITORY\COCOS2D-2.1RC0-X-2.1.3\SAMPLES\CPP\HELLOCPP\PROJ.WIN32\DEBUG.WIN32\MAIN.OBJ
D:\3.CODEREPOSITORY\COCOS2D-2.1RC0-X-2.1.3\SAMPLES\CPP\HELLOCPP\PROJ.WIN32\DEBUG.WIN32\VC110.PDB
D:\3.CODEREPOSITORY\COCOS2D-2.1RC0-X-2.1.3\DEBUG.WIN32\HELLOCPP.ILK
D:\3.CODEREPOSITORY\COCOS2D-2.1RC0-X-2.1.3\DEBUG.WIN32\HELLOCPP.EXE
D:\3.CODEREPOSITORY\COCOS2D-2.1RC0-X-2.1.3\DEBUG.WIN32\HELLOCPP.PDB
D:\3.CodeRepository\cocos2d-2.1rc0-x-2.1.3\samples\Cpp\HelloCpp\proj.win32\Debug.win32\AppDelegate.obj
D:\3.CodeRepository\cocos2d-2.1rc0-x-2.1.3\samples\Cpp\HelloCpp\proj.win32\Debug.win32\HelloWorldScene.obj
D:\3.CodeRepository\cocos2d-2.1rc0-x-2.1.3\samples\Cpp\HelloCpp\proj.win32\Debug.win32\main.obj
D:\3.CodeRepository\cocos2d-2.1rc0-x-2.1.3\samples\Cpp\HelloCpp\proj.win32\Debug.win32\cl.command.1.tlog
D:\3.CodeRepository\cocos2d-2.1rc0-x-2.1.3\samples\Cpp\HelloCpp\proj.win32\Debug.win32\CL.read.1.tlog
D:\3.CodeRepository\cocos2d-2.1rc0-x-2.1.3\samples\Cpp\HelloCpp\proj.win32\Debug.win32\CL.write.1.tlog
D:\3.CodeRepository\cocos2d-2.1rc0-x-2.1.3\samples\Cpp\HelloCpp\proj.win32\Debug.win32\link-cvtres.read.1.tlog
D:\3.CodeRepository\cocos2d-2.1rc0-x-2.1.3\samples\Cpp\HelloCpp\proj.win32\Debug.win32\link-cvtres.write.1.tlog
D:\3.CodeRepository\cocos2d-2.1rc0-x-2.1.3\samples\Cpp\HelloCpp\proj.win32\Debug.win32\link-rc.read.1.tlog
D:\3.CodeRepository\cocos2d-2.1rc0-x-2.1.3\samples\Cpp\HelloCpp\proj.win32\Debug.win32\link-rc.write.1.tlog
D:\3.CodeRepository\cocos2d-2.1rc0-x-2.1.3\samples\Cpp\HelloCpp\proj.win32\Debug.win32\link.command.1.tlog
D:\3.CodeRepository\cocos2d-2.1rc0-x-2.1.3\samples\Cpp\HelloCpp\proj.win32\Debug.win32\link.read.1.tlog
D:\3.CodeRepository\cocos2d-2.1rc0-x-2.1.3\samples\Cpp\HelloCpp\proj.win32\Debug.win32\link.write.1.tlog
D:\3.CodeRepository\cocos2d-2.1rc0-x-2.1.3\samples\Cpp\HelloCpp\proj.win32\Debug.win32\vc110.idb
D:\3.CodeRepository\cocos2d-2.1rc0-x-2.1.3\samples\Cpp\HelloCpp\proj.win32\Debug.win32\vc110.pdb
D:\3.CodeRepository\cocos2d-2.1rc0-x-2.1.3\Debug.win32\HelloCpp.pdb
D:\3.CodeRepository\cocos2d-2.1rc0-x-2.1.3\Debug.win32\HelloCpp.exe
D:\3.CodeRepository\cocos2d-2.1rc0-x-2.1.3\Debug.win32\HelloCpp.ilk
